<?xml version="1.0" encoding="UTF-8"?>
<!-- Generated by org.testng.reporters.JUnitReportReporter -->
<testsuite name="calcTest.NewTest" tests="15" time="0.083" ignored="0" failures="0" timestamp="14 Dez 2016 14:22:00 GMT" skipped="0" hostname="Sherazs-MBP.fritz.box" errors="0">
  <testcase name="f" time="0.003" classname="calcTest.NewTest"/>
  <testcase name="f" time="0.059" classname="calcTest.NewTest"/>
  <testcase name="f" time="0.002" classname="calcTest.NewTest"/>
  <testcase name="f" time="0.001" classname="calcTest.NewTest"/>
  <testcase name="f" time="0.001" classname="calcTest.NewTest"/>
  <testcase name="f" time="0.002" classname="calcTest.NewTest"/>
  <testcase name="f" time="0.002" classname="calcTest.NewTest"/>
  <testcase name="f" time="0.001" classname="calcTest.NewTest"/>
  <testcase name="f" time="0.001" classname="calcTest.NewTest"/>
  <testcase name="f" time="0.001" classname="calcTest.NewTest"/>
  <testcase name="f" time="0.002" classname="calcTest.NewTest"/>
  <testcase name="f" time="0.002" classname="calcTest.NewTest"/>
  <testcase name="f" time="0.001" classname="calcTest.NewTest"/>
  <testcase name="f" time="0.004" classname="calcTest.NewTest"/>
  <testcase name="f" time="0.001" classname="calcTest.NewTest"/>
</testsuite> <!-- calcTest.NewTest -->
