<?xml version="1.0" encoding="UTF-8"?>
<!-- Generated by org.testng.reporters.JUnitReportReporter -->
<testsuite name="calculator.CalculatorTest" tests="5" time="0.061" ignored="0" failures="0" timestamp="08 Dez 2016 11:32:21 GMT" skipped="0" hostname="wlan-172-31-58-24.fh-luebeck.de" errors="0">
  <testcase name="f" time="0.002" classname="calculator.CalculatorTest"/>
  <testcase name="f" time="0.002" classname="calculator.CalculatorTest"/>
  <testcase name="f" time="0.002" classname="calculator.CalculatorTest"/>
  <testcase name="f" time="0.003" classname="calculator.CalculatorTest"/>
  <testcase name="f" time="0.052" classname="calculator.CalculatorTest"/>
</testsuite> <!-- calculator.CalculatorTest -->
